2018-07-31 14:45:48,913 - BrowserEngine - INFO - You had select Chrome browser.
2018-07-31 14:45:48,914 - BrowserEngine - INFO - The test server url is: http://192.168.1.202:9017/login
2018-07-31 14:45:53,393 - BrowserEngine - INFO - Starting Chrome browser.
2018-07-31 14:45:53,789 - BrowserEngine - INFO - Open url: http://192.168.1.202:9017/login
2018-07-31 14:45:54,906 - BrowserEngine - INFO - Maximize the current window.
2018-07-31 14:45:54,907 - BrowserEngine - INFO - Set implicitly wait 10 seconds.
2018-07-31 14:45:55,965 - BasePage - INFO - Had type ' 01 ' in inputBox
2018-07-31 14:45:56,035 - BasePage - INFO - Had type ' 666666 ' in inputBox
2018-07-31 14:45:56,060 - BasePage - INFO - Had find the element '  ' successful by id via value: submitBtn 
2018-07-31 14:45:56,101 - BasePage - INFO - The element ' %s ' was clicked.
2018-07-31 14:45:58,101 - BasePage - INFO - Sleep for 2 seconds
2018-07-31 14:45:59,127 - BasePage - INFO - Had find the element '  ' successful by xpath via value: //*[@id='login-wrap']/div/input[1] 
2018-07-31 14:46:00,488 - BasePage - INFO - The element ' %s ' was clicked.
2018-07-31 14:46:12,968 - BrowserEngine - INFO - You had select Chrome browser.
2018-07-31 14:46:12,968 - BrowserEngine - INFO - The test server url is: http://192.168.1.202:9017/login
2018-07-31 14:46:17,425 - BrowserEngine - INFO - Starting Chrome browser.
2018-07-31 14:46:17,778 - BrowserEngine - INFO - Open url: http://192.168.1.202:9017/login
2018-07-31 14:46:18,893 - BrowserEngine - INFO - Maximize the current window.
2018-07-31 14:46:18,894 - BrowserEngine - INFO - Set implicitly wait 10 seconds.
2018-07-31 14:46:19,955 - BasePage - INFO - Had type ' 01 ' in inputBox
2018-07-31 14:46:20,033 - BasePage - INFO - Had type ' 666666 ' in inputBox
2018-07-31 14:46:20,059 - BasePage - INFO - Had find the element '  ' successful by id via value: submitBtn 
2018-07-31 14:46:20,100 - BasePage - INFO - The element ' %s ' was clicked.
2018-07-31 14:46:22,101 - BasePage - INFO - Sleep for 2 seconds
2018-07-31 14:46:23,127 - BasePage - INFO - Had find the element '  ' successful by xpath via value: //*[@id='login-wrap']/div/input[1] 
2018-07-31 14:46:24,492 - BasePage - INFO - The element ' %s ' was clicked.
