2018-08-01 14:59:14,716 - BrowserEngine - INFO - You had select Chrome browser.
2018-08-01 14:59:14,716 - BrowserEngine - INFO - The test server url is: http://192.168.1.202:9017/
2018-08-01 14:59:19,265 - BrowserEngine - INFO - Starting Chrome browser.
2018-08-01 14:59:19,591 - BrowserEngine - INFO - Open url: http://192.168.1.202:9017/
2018-08-01 14:59:20,704 - BrowserEngine - INFO - Maximize the current window.
2018-08-01 14:59:20,705 - BrowserEngine - INFO - Set implicitly wait 10 seconds.
2018-08-01 14:59:21,766 - BasePage - INFO - Had type ' 01 ' in inputBox
2018-08-01 14:59:21,838 - BasePage - INFO - Had type ' 666666 ' in inputBox
2018-08-01 14:59:21,863 - BasePage - INFO - Had find the element '  ' successful by id via value: submitBtn 
2018-08-01 14:59:21,904 - BasePage - INFO - The element ' %s ' was clicked.
2018-08-01 14:59:22,931 - BasePage - INFO - Had find the element '  ' successful by xpath via value: //*[@id='login-wrap']/div/input[1] 
2018-08-01 14:59:24,318 - BasePage - INFO - The element ' %s ' was clicked.
2018-08-01 14:59:29,662 - BasePage - INFO - Had find the element ' 新建考核 ' successful by xpath via value: //*[@id='interval']/div/div[1]/div[1]/button[1] 
2018-08-01 14:59:29,708 - BasePage - INFO - The element ' %s ' was clicked.
2018-08-01 14:59:54,508 - BrowserEngine - INFO - You had select Chrome browser.
2018-08-01 14:59:54,508 - BrowserEngine - INFO - The test server url is: http://192.168.1.202:9017/
2018-08-01 14:59:58,967 - BrowserEngine - INFO - Starting Chrome browser.
2018-08-01 14:59:59,329 - BrowserEngine - INFO - Open url: http://192.168.1.202:9017/
2018-08-01 15:00:00,443 - BrowserEngine - INFO - Maximize the current window.
2018-08-01 15:00:00,445 - BrowserEngine - INFO - Set implicitly wait 10 seconds.
2018-08-01 15:00:01,508 - BasePage - INFO - Had type ' 01 ' in inputBox
2018-08-01 15:00:01,582 - BasePage - INFO - Had type ' 666666 ' in inputBox
2018-08-01 15:00:01,605 - BasePage - INFO - Had find the element '  ' successful by id via value: submitBtn 
2018-08-01 15:00:01,641 - BasePage - INFO - The element ' %s ' was clicked.
2018-08-01 15:00:02,667 - BasePage - INFO - Had find the element '  ' successful by xpath via value: //*[@id='login-wrap']/div/input[1] 
2018-08-01 15:00:04,047 - BasePage - INFO - The element ' %s ' was clicked.
2018-08-01 15:00:09,394 - BasePage - INFO - Had find the element ' 新建考核 ' successful by xpath via value: //*[@id='interval']/div/div[1]/div[1]/button[1] 
2018-08-01 15:00:09,444 - BasePage - INFO - The element ' %s ' was clicked.
