2018-07-31 16:25:01,986 - BrowserEngine - INFO - You had select Chrome browser.
2018-07-31 16:25:01,987 - BrowserEngine - INFO - The test server url is: http://192.168.1.202:9017/
2018-07-31 16:25:06,552 - BrowserEngine - INFO - Starting Chrome browser.
2018-07-31 16:25:06,984 - BrowserEngine - INFO - Open url: http://192.168.1.202:9017/
2018-07-31 16:25:08,105 - BrowserEngine - INFO - Maximize the current window.
2018-07-31 16:25:08,105 - BrowserEngine - INFO - Set implicitly wait 10 seconds.
2018-07-31 16:25:09,166 - BasePage - INFO - Had type ' 01 ' in inputBox
2018-07-31 16:25:09,243 - BasePage - INFO - Had type ' 666666 ' in inputBox
2018-07-31 16:25:09,268 - BasePage - INFO - Had find the element '  ' successful by id via value: submitBtn 
2018-07-31 16:25:09,320 - BasePage - INFO - The element ' %s ' was clicked.
2018-07-31 16:25:11,320 - BasePage - INFO - Sleep for 2 seconds
2018-07-31 16:25:12,346 - BasePage - INFO - Had find the element '  ' successful by xpath via value: //*[@id='login-wrap']/div/input[1] 
2018-07-31 16:25:13,820 - BasePage - INFO - The element ' %s ' was clicked.
2018-07-31 16:25:19,199 - BasePage - INFO - Had find the element ' 新建考核 ' successful by xpath via value: //*[@id='interval']/div/div[1]/div[1]/button[1] 
2018-07-31 16:25:19,255 - BasePage - INFO - The element ' %s ' was clicked.
2018-07-31 16:25:53,176 - BrowserEngine - INFO - You had select Chrome browser.
2018-07-31 16:25:53,176 - BrowserEngine - INFO - The test server url is: http://192.168.1.202:9017/
2018-07-31 16:25:58,138 - BrowserEngine - INFO - Starting Chrome browser.
2018-07-31 16:25:58,481 - BrowserEngine - INFO - Open url: http://192.168.1.202:9017/
2018-07-31 16:25:59,597 - BrowserEngine - INFO - Maximize the current window.
2018-07-31 16:25:59,601 - BrowserEngine - INFO - Set implicitly wait 10 seconds.
2018-07-31 16:26:00,663 - BasePage - INFO - Had type ' 01 ' in inputBox
2018-07-31 16:26:00,736 - BasePage - INFO - Had type ' 666666 ' in inputBox
2018-07-31 16:26:00,762 - BasePage - INFO - Had find the element '  ' successful by id via value: submitBtn 
2018-07-31 16:26:00,805 - BasePage - INFO - The element ' %s ' was clicked.
2018-07-31 16:26:02,805 - BasePage - INFO - Sleep for 2 seconds
2018-07-31 16:26:03,832 - BasePage - INFO - Had find the element '  ' successful by xpath via value: //*[@id='login-wrap']/div/input[1] 
2018-07-31 16:26:05,076 - BasePage - INFO - The element ' %s ' was clicked.
2018-07-31 16:26:10,439 - BasePage - INFO - Had find the element ' 新建考核 ' successful by xpath via value: //*[@id='interval']/div/div[1]/div[1]/button[1] 
2018-07-31 16:26:10,491 - BasePage - INFO - The element ' %s ' was clicked.
