2018-07-31 15:06:12,060 - BrowserEngine - INFO - You had select Chrome browser.
2018-07-31 15:06:12,060 - BrowserEngine - INFO - The test server url is: http://192.168.1.202:9017/login
2018-07-31 15:06:16,572 - BrowserEngine - INFO - Starting Chrome browser.
2018-07-31 15:06:16,961 - BrowserEngine - INFO - Open url: http://192.168.1.202:9017/login
2018-07-31 15:06:18,078 - BrowserEngine - INFO - Maximize the current window.
2018-07-31 15:06:18,079 - BrowserEngine - INFO - Set implicitly wait 10 seconds.
2018-07-31 15:06:19,147 - BasePage - INFO - Had type ' 01 ' in inputBox
2018-07-31 15:06:19,222 - BasePage - INFO - Had type ' 666666 ' in inputBox
2018-07-31 15:06:19,246 - BasePage - INFO - Had find the element '  ' successful by id via value: submitBtn 
2018-07-31 15:06:19,287 - BasePage - INFO - The element ' %s ' was clicked.
2018-07-31 15:06:21,288 - BasePage - INFO - Sleep for 2 seconds
2018-07-31 15:06:22,315 - BasePage - INFO - Had find the element '  ' successful by xpath via value: //*[@id='login-wrap']/div/input[1] 
2018-07-31 15:06:23,622 - BasePage - INFO - The element ' %s ' was clicked.
2018-07-31 15:06:36,070 - BrowserEngine - INFO - You had select Chrome browser.
2018-07-31 15:06:36,070 - BrowserEngine - INFO - The test server url is: http://192.168.1.202:9017/login
2018-07-31 15:06:40,513 - BrowserEngine - INFO - Starting Chrome browser.
2018-07-31 15:06:40,852 - BrowserEngine - INFO - Open url: http://192.168.1.202:9017/login
2018-07-31 15:06:41,970 - BrowserEngine - INFO - Maximize the current window.
2018-07-31 15:06:41,971 - BrowserEngine - INFO - Set implicitly wait 10 seconds.
2018-07-31 15:06:43,032 - BasePage - INFO - Had type ' 01 ' in inputBox
2018-07-31 15:06:43,105 - BasePage - INFO - Had type ' 666666 ' in inputBox
2018-07-31 15:06:43,131 - BasePage - INFO - Had find the element '  ' successful by id via value: submitBtn 
2018-07-31 15:06:43,182 - BasePage - INFO - The element ' %s ' was clicked.
2018-07-31 15:06:45,182 - BasePage - INFO - Sleep for 2 seconds
2018-07-31 15:06:46,209 - BasePage - INFO - Had find the element '  ' successful by xpath via value: //*[@id='login-wrap']/div/input[1] 
2018-07-31 15:06:47,443 - BasePage - INFO - The element ' %s ' was clicked.
