2018-08-08 16:45:52,367 - BrowserEngine - INFO - You had select Chrome browser.
2018-08-08 16:45:52,368 - BrowserEngine - INFO - The test server url is: http://192.168.1.202:9017/
2018-08-08 16:45:56,889 - BrowserEngine - INFO - Starting Chrome browser.
2018-08-08 16:45:57,202 - BrowserEngine - INFO - Open url: http://192.168.1.202:9017/
2018-08-08 16:45:58,317 - BrowserEngine - INFO - Maximize the current window.
2018-08-08 16:45:58,318 - BrowserEngine - INFO - Set implicitly wait 10 seconds.
2018-08-08 16:45:59,379 - BasePage - INFO - Had type ' 01 ' in inputBox
2018-08-08 16:45:59,452 - BasePage - INFO - Had type ' 666666 ' in inputBox
2018-08-08 16:45:59,476 - BasePage - INFO - Had find the element '  ' successful by id via value: submitBtn 
2018-08-08 16:45:59,518 - BasePage - INFO - The element ' %s ' was clicked.
2018-08-08 16:46:00,544 - BasePage - INFO - Had find the element '  ' successful by xpath via value: //*[@id='login-wrap']/div/input[1] 
2018-08-08 16:46:01,918 - BasePage - INFO - The element ' %s ' was clicked.
2018-08-08 16:46:07,268 - BasePage - INFO - Had find the element ' ÐÂ½¨¿¼ºË ' successful by xpath via value: //*[@id='interval']/div/div[1]/div[1]/button[1] 
2018-08-08 16:46:07,326 - BasePage - INFO - The element ' %s ' was clicked.
2018-08-08 16:46:33,310 - BasePage - INFO - Had type ' 01 ' in inputBox
2018-08-08 16:46:33,380 - BasePage - INFO - Had type ' 666666 ' in inputBox
2018-08-08 16:46:33,403 - BasePage - INFO - Had find the element '  ' successful by id via value: submitBtn 
2018-08-08 16:46:33,438 - BasePage - INFO - The element ' %s ' was clicked.
2018-08-08 16:46:34,462 - BasePage - INFO - Had find the element '  ' successful by xpath via value: //*[@id='login-wrap']/div/input[1] 
2018-08-08 16:46:35,888 - BasePage - INFO - The element ' %s ' was clicked.
